android/app/build_old/intermediates/manifest_merge_blame_file/debug/processDebugMainManifest/manifest-merger-blame-debug-report.txt
1<?xml version="1.0" encoding="utf-8"?>
2<manifest xmlns:android="http://schemas.android.com/apk/res/android"
3    package="com.biovault.app"
4    android:versionCode="11"
5    android:versionName="2.0" >
6
7    <uses-sdk
8        android:minSdkVersion="24"
9        android:targetSdkVersion="36" />
10
11    <!-- Features -->
12    <uses-feature
12-->src\main\AndroidManifest.xml:5:5-7:36
13        android:name="android.hardware.camera"
13-->src\main\AndroidManifest.xml:6:9-47
14        android:required="false" />
14-->src\main\AndroidManifest.xml:7:9-33
15    <uses-feature
15-->src\main\AndroidManifest.xml:8:5-10:36
16        android:name="android.hardware.fingerprint"
16-->src\main\AndroidManifest.xml:9:9-52
17        android:required="false" />
17-->src\main\AndroidManifest.xml:10:9-33
18
19    <!-- Permissions -->
20
21    <uses-permission android:name="android.permission.INTERNET" />
21-->src\main\AndroidManifest.xml:48:5-67
21-->src\main\AndroidManifest.xml:48:22-64
22    <uses-permission android:name="android.permission.CAMERA" />
22-->src\main\AndroidManifest.xml:49:5-65
22-->src\main\AndroidManifest.xml:49:22-62
23    <uses-permission android:name="android.permission.USE_FINGERPRINT" />
23-->src\main\AndroidManifest.xml:50:5-74
23-->src\main\AndroidManifest.xml:50:22-71
24    <uses-permission android:name="android.permission.USE_BIOMETRIC" />
24-->src\main\AndroidManifest.xml:51:5-72
24-->src\main\AndroidManifest.xml:51:22-69
25    <uses-permission android:name="android.permission.READ_EXTERNAL_STORAGE" />
25-->src\main\AndroidManifest.xml:52:5-80
25-->src\main\AndroidManifest.xml:52:22-77
26    <uses-permission android:name="android.permission.WRITE_EXTERNAL_STORAGE" />
26-->src\main\AndroidManifest.xml:53:5-81
26-->src\main\AndroidManifest.xml:53:22-78
27    <uses-permission android:name="android.permission.MANAGE_EXTERNAL_STORAGE" />
27-->src\main\AndroidManifest.xml:54:5-82
27-->src\main\AndroidManifest.xml:54:22-79
28
29    <queries>
29-->[:capacitor-camera] AndroidManifest.xml:7:5-11:15
30        <intent>
30-->[:capacitor-camera] AndroidManifest.xml:8:9-10:18
31            <action android:name="android.media.action.IMAGE_CAPTURE" />
31-->[:capacitor-camera] AndroidManifest.xml:9:13-73
31-->[:capacitor-camera] AndroidManifest.xml:9:21-70
32        </intent>
33    </queries>
34
35    <permission
35-->[androidx.core:core:1.17.0] AndroidManifest.xml:22:5-24:47
36        android:name="com.biovault.app.DYNAMIC_RECEIVER_NOT_EXPORTED_PERMISSION"
36-->[androidx.core:core:1.17.0] AndroidManifest.xml:23:9-81
37        android:protectionLevel="signature" />
37-->[androidx.core:core:1.17.0] AndroidManifest.xml:24:9-44
38
39    <uses-permission android:name="com.biovault.app.DYNAMIC_RECEIVER_NOT_EXPORTED_PERMISSION" />
39-->[androidx.core:core:1.17.0] AndroidManifest.xml:26:5-97
39-->[androidx.core:core:1.17.0] AndroidManifest.xml:26:22-94
40
41    <application
41-->src\main\AndroidManifest.xml:12:5-44:19
42        android:allowBackup="true"
42-->src\main\AndroidManifest.xml:13:9-35
43        android:appComponentFactory="androidx.core.app.CoreComponentFactory"
43-->[androidx.core:core:1.17.0] AndroidManifest.xml:28:18-86
44        android:debuggable="true"
45        android:extractNativeLibs="false"
46        android:icon="@mipmap/ic_launcher"
46-->src\main\AndroidManifest.xml:14:9-43
47        android:label="@string/app_name"
47-->src\main\AndroidManifest.xml:15:9-41
48        android:roundIcon="@mipmap/ic_launcher_round"
48-->src\main\AndroidManifest.xml:16:9-54
49        android:supportsRtl="true"
49-->src\main\AndroidManifest.xml:17:9-35
50        android:theme="@style/AppTheme"
50-->src\main\AndroidManifest.xml:18:9-40
51        android:usesCleartextTraffic="true" >
51-->[:capacitor-cordova-android-plugins] AndroidManifest.xml:12:18-53
52        <activity
52-->src\main\AndroidManifest.xml:20:9-33:20
53            android:name="com.biovault.app.MainActivity"
53-->src\main\AndroidManifest.xml:22:13-41
54            android:configChanges="orientation|keyboardHidden|keyboard|screenSize|locale|smallestScreenSize|screenLayout|uiMode|navigation|density"
54-->src\main\AndroidManifest.xml:21:13-148
55            android:exported="true"
55-->src\main\AndroidManifest.xml:26:13-36
56            android:label="@string/title_activity_main"
56-->src\main\AndroidManifest.xml:23:13-56
57            android:launchMode="singleTask"
57-->src\main\AndroidManifest.xml:25:13-44
58            android:theme="@style/AppTheme.NoActionBarLaunch" >
58-->src\main\AndroidManifest.xml:24:13-62
59            <intent-filter>
59-->src\main\AndroidManifest.xml:28:13-31:29
60                <action android:name="android.intent.action.MAIN" />
60-->src\main\AndroidManifest.xml:29:17-69
60-->src\main\AndroidManifest.xml:29:25-66
61
62                <category android:name="android.intent.category.LAUNCHER" />
62-->src\main\AndroidManifest.xml:30:17-77
62-->src\main\AndroidManifest.xml:30:27-74
63            </intent-filter>
64        </activity>
65
66        <provider
67            android:name="androidx.core.content.FileProvider"
67-->src\main\AndroidManifest.xml:36:13-62
68            android:authorities="com.biovault.app.fileprovider"
68-->src\main\AndroidManifest.xml:37:13-64
69            android:exported="false"
69-->src\main\AndroidManifest.xml:38:13-37
70            android:grantUriPermissions="true" >
70-->src\main\AndroidManifest.xml:39:13-47
71            <meta-data
71-->src\main\AndroidManifest.xml:40:13-42:64
72                android:name="android.support.FILE_PROVIDER_PATHS"
72-->src\main\AndroidManifest.xml:41:17-67
73                android:resource="@xml/file_paths" />
73-->src\main\AndroidManifest.xml:42:17-51
74        </provider>
75
76        <activity
76-->[:capacitor-cordova-android-plugins] AndroidManifest.xml:13:9-16:55
77            android:name="de.niklasmerz.cordova.biometric.BiometricActivity"
77-->[:capacitor-cordova-android-plugins] AndroidManifest.xml:14:13-77
78            android:exported="false"
78-->[:capacitor-cordova-android-plugins] AndroidManifest.xml:15:13-37
79            android:theme="@style/TransparentTheme" />
79-->[:capacitor-cordova-android-plugins] AndroidManifest.xml:16:13-52
80
81        <receiver
81-->[:capacitor-cordova-android-plugins] AndroidManifest.xml:18:9-25:20
82            android:name="nl.xservices.plugins.ShareChooserPendingIntent"
82-->[:capacitor-cordova-android-plugins] AndroidManifest.xml:19:13-74
83            android:enabled="true"
83-->[:capacitor-cordova-android-plugins] AndroidManifest.xml:20:13-35
84            android:exported="true" >
84-->[:capacitor-cordova-android-plugins] AndroidManifest.xml:21:13-36
85            <intent-filter>
85-->[:capacitor-cordova-android-plugins] AndroidManifest.xml:22:13-24:29
86                <action android:name="android.intent.action.SEND" />
86-->[:capacitor-cordova-android-plugins] AndroidManifest.xml:23:17-69
86-->[:capacitor-cordova-android-plugins] AndroidManifest.xml:23:25-66
87            </intent-filter>
88        </receiver>
89
90        <provider
90-->[:capacitor-cordova-android-plugins] AndroidManifest.xml:27:9-35:20
91            android:name="nl.xservices.plugins.FileProvider"
91-->[:capacitor-cordova-android-plugins] AndroidManifest.xml:28:13-61
92            android:authorities="com.biovault.app.sharing.provider"
92-->[:capacitor-cordova-android-plugins] AndroidManifest.xml:29:13-68
93            android:exported="false"
93-->[:capacitor-cordova-android-plugins] AndroidManifest.xml:30:13-37
94            android:grantUriPermissions="true" >
94-->[:capacitor-cordova-android-plugins] AndroidManifest.xml:31:13-47
95            <meta-data
95-->src\main\AndroidManifest.xml:40:13-42:64
96                android:name="android.support.FILE_PROVIDER_PATHS"
96-->src\main\AndroidManifest.xml:41:17-67
97                android:resource="@xml/sharing_paths" />
97-->src\main\AndroidManifest.xml:42:17-51
98        </provider>
99        <provider
99-->[androidx.emoji2:emoji2:1.3.0] AndroidManifest.xml:24:9-32:20
100            android:name="androidx.startup.InitializationProvider"
100-->[androidx.emoji2:emoji2:1.3.0] AndroidManifest.xml:25:13-67
101            android:authorities="com.biovault.app.androidx-startup"
101-->[androidx.emoji2:emoji2:1.3.0] AndroidManifest.xml:26:13-68
102            android:exported="false" >
102-->[androidx.emoji2:emoji2:1.3.0] AndroidManifest.xml:27:13-37
103            <meta-data
103-->[androidx.emoji2:emoji2:1.3.0] AndroidManifest.xml:29:13-31:52
104                android:name="androidx.emoji2.text.EmojiCompatInitializer"
104-->[androidx.emoji2:emoji2:1.3.0] AndroidManifest.xml:30:17-75
105                android:value="androidx.startup" />
105-->[androidx.emoji2:emoji2:1.3.0] AndroidManifest.xml:31:17-49
106            <meta-data
106-->[androidx.lifecycle:lifecycle-process:2.6.2] AndroidManifest.xml:29:13-31:52
107                android:name="androidx.lifecycle.ProcessLifecycleInitializer"
107-->[androidx.lifecycle:lifecycle-process:2.6.2] AndroidManifest.xml:30:17-78
108                android:value="androidx.startup" />
108-->[androidx.lifecycle:lifecycle-process:2.6.2] AndroidManifest.xml:31:17-49
109            <meta-data
109-->[androidx.profileinstaller:profileinstaller:1.4.0] AndroidManifest.xml:29:13-31:52
110                android:name="androidx.profileinstaller.ProfileInstallerInitializer"
110-->[androidx.profileinstaller:profileinstaller:1.4.0] AndroidManifest.xml:30:17-85
111                android:value="androidx.startup" />
111-->[androidx.profileinstaller:profileinstaller:1.4.0] AndroidManifest.xml:31:17-49
112        </provider>
113
114        <receiver
114-->[androidx.profileinstaller:profileinstaller:1.4.0] AndroidManifest.xml:34:9-52:20
115            android:name="androidx.profileinstaller.ProfileInstallReceiver"
115-->[androidx.profileinstaller:profileinstaller:1.4.0] AndroidManifest.xml:35:13-76
116            android:directBootAware="false"
116-->[androidx.profileinstaller:profileinstaller:1.4.0] AndroidManifest.xml:36:13-44
117            android:enabled="true"
117-->[androidx.profileinstaller:profileinstaller:1.4.0] AndroidManifest.xml:37:13-35
118            android:exported="true"
118-->[androidx.profileinstaller:profileinstaller:1.4.0] AndroidManifest.xml:38:13-36
119            android:permission="android.permission.DUMP" >
119-->[androidx.profileinstaller:profileinstaller:1.4.0] AndroidManifest.xml:39:13-57
120            <intent-filter>
120-->[androidx.profileinstaller:profileinstaller:1.4.0] AndroidManifest.xml:40:13-42:29
121                <action android:name="androidx.profileinstaller.action.INSTALL_PROFILE" />
121-->[androidx.profileinstaller:profileinstaller:1.4.0] AndroidManifest.xml:41:17-91
121-->[androidx.profileinstaller:profileinstaller:1.4.0] AndroidManifest.xml:41:25-88
122            </intent-filter>
123            <intent-filter>
123-->[androidx.profileinstaller:profileinstaller:1.4.0] AndroidManifest.xml:43:13-45:29
124                <action android:name="androidx.profileinstaller.action.SKIP_FILE" />
124-->[androidx.profileinstaller:profileinstaller:1.4.0] AndroidManifest.xml:44:17-85
124-->[androidx.profileinstaller:profileinstaller:1.4.0] AndroidManifest.xml:44:25-82
125            </intent-filter>
126            <intent-filter>
126-->[androidx.profileinstaller:profileinstaller:1.4.0] AndroidManifest.xml:46:13-48:29
127                <action android:name="androidx.profileinstaller.action.SAVE_PROFILE" />
127-->[androidx.profileinstaller:profileinstaller:1.4.0] AndroidManifest.xml:47:17-88
127-->[androidx.profileinstaller:profileinstaller:1.4.0] AndroidManifest.xml:47:25-85
128            </intent-filter>
129            <intent-filter>
129-->[androidx.profileinstaller:profileinstaller:1.4.0] AndroidManifest.xml:49:13-51:29
130                <action android:name="androidx.profileinstaller.action.BENCHMARK_OPERATION" />
130-->[androidx.profileinstaller:profileinstaller:1.4.0] AndroidManifest.xml:50:17-95
130-->[androidx.profileinstaller:profileinstaller:1.4.0] AndroidManifest.xml:50:25-92
131            </intent-filter>
132        </receiver>
133    </application>
134
135</manifest>